<?xml version="1.0" encoding="UTF-8"?>
<!-- Generated by org.testng.reporters.JUnitReportReporter -->
<testsuite hostname="DESKTOP-NU8MI4J" failures="0" tests="4" name="tests.Admin_Default_Page_Tests" time="0.000" errors="0" timestamp="2023-04-03T09:37:53 IST" skipped="4">
  <testcase classname="tests.Admin_Default_Page_Tests" name="Admin_myProfile_button_Test" time="0.000">
    <skipped/>
  </testcase> <!-- Admin_myProfile_button_Test -->
  <system-out/>
  <testcase classname="tests.Admin_Default_Page_Tests" name="Admin_Home_Button_Test" time="0.000">
    <skipped/>
  </testcase> <!-- Admin_Home_Button_Test -->
  <system-out/>
  <testcase classname="tests.Admin_Default_Page_Tests" name="Admin_Default_Page_vCards_Test" time="0.000">
    <skipped/>
  </testcase> <!-- Admin_Default_Page_vCards_Test -->
  <system-out/>
  <testcase classname="tests.Admin_Default_Page_Tests" name="Admin_Logout_Button_Test" time="0.000">
    <skipped/>
  </testcase> <!-- Admin_Logout_Button_Test -->
  <system-out/>
</testsuite> <!-- tests.Admin_Default_Page_Tests -->
