<?xml version="1.0" encoding="UTF-8"?>
<!-- Generated by org.testng.reporters.JUnitReportReporter -->
<testsuite hostname="DESKTOP-NU8MI4J" failures="0" tests="10" name="tests.Admin_Client_Organization_Pages_Tests" time="0.000" errors="0" timestamp="2023-04-03T09:37:53 IST" skipped="10">
  <testcase classname="tests.Admin_Client_Organization_Pages_Tests" name="Open_Client_Organization_Tests" time="0.000">
    <skipped/>
  </testcase> <!-- Open_Client_Organization_Tests -->
  <system-out/>
  <testcase classname="tests.Admin_Client_Organization_Pages_Tests" name="Add_CO_UI_Tests" time="0.000">
    <skipped/>
  </testcase> <!-- Add_CO_UI_Tests -->
  <system-out/>
  <testcase classname="tests.Admin_Client_Organization_Pages_Tests" name="Add_CO_SaveButton_Tests" time="0.000">
    <skipped/>
  </testcase> <!-- Add_CO_SaveButton_Tests -->
  <system-out/>
  <testcase classname="tests.Admin_Client_Organization_Pages_Tests" name="Add_CO_Form_NegValidations" time="0.000">
    <skipped/>
  </testcase> <!-- Add_CO_Form_NegValidations -->
  <system-out/>
  <testcase classname="tests.Admin_Client_Organization_Pages_Tests" name="Add_CO_Form_NegValidations" time="0.000">
    <skipped/>
  </testcase> <!-- Add_CO_Form_NegValidations -->
  <system-out/>
  <testcase classname="tests.Admin_Client_Organization_Pages_Tests" name="Add_CO_Form_Validations" time="0.000">
    <skipped/>
  </testcase> <!-- Add_CO_Form_Validations -->
  <system-out/>
  <testcase classname="tests.Admin_Client_Organization_Pages_Tests" name="CO_vCardCount_Test" time="0.000">
    <skipped/>
  </testcase> <!-- CO_vCardCount_Test -->
  <system-out/>
  <testcase classname="tests.Admin_Client_Organization_Pages_Tests" name="List_CO_Buttons_Tests" time="0.000">
    <skipped/>
  </testcase> <!-- List_CO_Buttons_Tests -->
  <system-out/>
  <testcase classname="tests.Admin_Client_Organization_Pages_Tests" name="List_CO_Table_Tests" time="0.000">
    <skipped/>
  </testcase> <!-- List_CO_Table_Tests -->
  <system-out/>
  <testcase classname="tests.Admin_Client_Organization_Pages_Tests" name="List_CO_Action_UpdateOrg_Tests" time="0.000">
    <skipped/>
  </testcase> <!-- List_CO_Action_UpdateOrg_Tests -->
  <system-out/>
</testsuite> <!-- tests.Admin_Client_Organization_Pages_Tests -->
