<?xml version="1.0" encoding="UTF-8"?>
<!-- Generated by org.testng.reporters.JUnitReportReporter -->
<testsuite hostname="DESKTOP-NU8MI4J" failures="0" tests="2" name="radiologistTests.Radio_Pending_Page_Tests" time="0.000" errors="0" timestamp="2023-04-03T09:37:53 IST" skipped="2">
  <testcase classname="radiologistTests.Radio_Pending_Page_Tests" name="radio_Pending_Default_Tests" time="0.000">
    <skipped/>
  </testcase> <!-- radio_Pending_Default_Tests -->
  <system-out/>
  <testcase classname="radiologistTests.Radio_Pending_Page_Tests" name="radio_pendingCase_Test" time="0.000">
    <skipped/>
  </testcase> <!-- radio_pendingCase_Test -->
  <system-out/>
</testsuite> <!-- radiologistTests.Radio_Pending_Page_Tests -->
