<?xml version="1.0" encoding="UTF-8"?>
<!-- Generated by org.testng.reporters.JUnitReportReporter -->
<testsuite hostname="DESKTOP-NU8MI4J" failures="0" tests="1" name="radiologistTests.Radio_Login_Tests" time="0.000" errors="0" timestamp="2023-04-03T09:37:53 IST" skipped="1">
  <testcase classname="radiologistTests.Radio_Login_Tests" name="login_Radio_Test" time="0.000">
    <skipped/>
  </testcase> <!-- login_Radio_Test -->
  <system-out/>
</testsuite> <!-- radiologistTests.Radio_Login_Tests -->
