<?xml version="1.0" encoding="UTF-8"?>
<!-- Generated by org.testng.reporters.JUnitReportReporter -->
<testsuite hostname="DESKTOP-NU8MI4J" failures="0" tests="2" name="radiologistTests.Radio_Completed_Page_Tests" time="0.000" errors="0" timestamp="2023-04-03T09:37:53 IST" skipped="2">
  <testcase classname="radiologistTests.Radio_Completed_Page_Tests" name="radio_Completed_Default_Tests" time="0.000">
    <skipped/>
  </testcase> <!-- radio_Completed_Default_Tests -->
  <system-out/>
  <testcase classname="radiologistTests.Radio_Completed_Page_Tests" name="radio_Completed_Case_Tests" time="0.000">
    <skipped/>
  </testcase> <!-- radio_Completed_Case_Tests -->
  <system-out/>
</testsuite> <!-- radiologistTests.Radio_Completed_Page_Tests -->
