<?xml version="1.0" encoding="UTF-8"?>
<!-- Generated by org.testng.reporters.JUnitReportReporter -->
<testsuite hostname="DESKTOP-NU8MI4J" failures="0" tests="11" name="tests.Admin_Client_Application_Pages_Tests" time="0.000" errors="0" timestamp="2023-04-03T09:37:53 IST" skipped="11">
  <testcase classname="tests.Admin_Client_Application_Pages_Tests" name="Open_Client_Application_Tests" time="0.000">
    <skipped/>
  </testcase> <!-- Open_Client_Application_Tests -->
  <system-out/>
  <testcase classname="tests.Admin_Client_Application_Pages_Tests" name="ClientApp_Open_Add_Form_Tests" time="0.000">
    <skipped/>
  </testcase> <!-- ClientApp_Open_Add_Form_Tests -->
  <system-out/>
  <testcase classname="tests.Admin_Client_Application_Pages_Tests" name="ClientApp_AddForm_NoData_Tests" time="0.000">
    <skipped/>
  </testcase> <!-- ClientApp_AddForm_NoData_Tests -->
  <system-out/>
  <testcase classname="tests.Admin_Client_Application_Pages_Tests" name="Add_CA_Form_NegTests" time="0.000">
    <skipped/>
  </testcase> <!-- Add_CA_Form_NegTests -->
  <system-out/>
  <testcase classname="tests.Admin_Client_Application_Pages_Tests" name="Add_CA_Form_NegTests" time="0.000">
    <skipped/>
  </testcase> <!-- Add_CA_Form_NegTests -->
  <system-out/>
  <testcase classname="tests.Admin_Client_Application_Pages_Tests" name="Add_CA_Form_Tests" time="0.000">
    <skipped/>
  </testcase> <!-- Add_CA_Form_Tests -->
  <system-out/>
  <testcase classname="tests.Admin_Client_Application_Pages_Tests" name="ca_vcard_count_Tests" time="0.000">
    <skipped/>
  </testcase> <!-- ca_vcard_count_Tests -->
  <system-out/>
  <testcase classname="tests.Admin_Client_Application_Pages_Tests" name="List_CA_Buttons_Test" time="0.000">
    <skipped/>
  </testcase> <!-- List_CA_Buttons_Test -->
  <system-out/>
  <testcase classname="tests.Admin_Client_Application_Pages_Tests" name="List_CA_Table_Tests" time="0.000">
    <skipped/>
  </testcase> <!-- List_CA_Table_Tests -->
  <system-out/>
  <testcase classname="tests.Admin_Client_Application_Pages_Tests" name="List_CA_Action_UpdateCApp_Tests" time="0.000">
    <skipped/>
  </testcase> <!-- List_CA_Action_UpdateCApp_Tests -->
  <system-out/>
  <testcase classname="tests.Admin_Client_Application_Pages_Tests" name="CA_Search_Tests" time="0.000">
    <skipped/>
  </testcase> <!-- CA_Search_Tests -->
  <system-out/>
</testsuite> <!-- tests.Admin_Client_Application_Pages_Tests -->
