<?xml version="1.0" encoding="UTF-8"?>
<!-- Generated by org.testng.reporters.JUnitReportReporter -->
<testsuite hostname="DESKTOP-NU8MI4J" failures="0" tests="16" name="tests.Admin_Hospitals_Pages_Tests" time="0.000" errors="0" timestamp="2023-04-03T09:37:53 IST" skipped="16">
  <testcase classname="tests.Admin_Hospitals_Pages_Tests" name="Open_Hospitals_Tests" time="0.000">
    <skipped/>
  </testcase> <!-- Open_Hospitals_Tests -->
  <system-out/>
  <testcase classname="tests.Admin_Hospitals_Pages_Tests" name="Hospitals_Open_Add_Form_Tests" time="0.000">
    <skipped/>
  </testcase> <!-- Hospitals_Open_Add_Form_Tests -->
  <system-out/>
  <testcase classname="tests.Admin_Hospitals_Pages_Tests" name="Hospitals_AddEndUserHos_NoData_Tests" time="0.000">
    <skipped/>
  </testcase> <!-- Hospitals_AddEndUserHos_NoData_Tests -->
  <system-out/>
  <testcase classname="tests.Admin_Hospitals_Pages_Tests" name="AddEndUserHos_Neg_Tests" time="0.000">
    <skipped/>
  </testcase> <!-- AddEndUserHos_Neg_Tests -->
  <system-out/>
  <testcase classname="tests.Admin_Hospitals_Pages_Tests" name="AddEndUserHos_Neg_Tests" time="0.000">
    <skipped/>
  </testcase> <!-- AddEndUserHos_Neg_Tests -->
  <system-out/>
  <testcase classname="tests.Admin_Hospitals_Pages_Tests" name="AddEndUserHos_Tests" time="0.000">
    <skipped/>
  </testcase> <!-- AddEndUserHos_Tests -->
  <system-out/>
  <testcase classname="tests.Admin_Hospitals_Pages_Tests" name="Hospitals_AddReviewerHos_NoData_Tests" time="0.000">
    <skipped/>
  </testcase> <!-- Hospitals_AddReviewerHos_NoData_Tests -->
  <system-out/>
  <testcase classname="tests.Admin_Hospitals_Pages_Tests" name="AddReviewerHos_Neg_Tests" time="0.000">
    <skipped/>
  </testcase> <!-- AddReviewerHos_Neg_Tests -->
  <system-out/>
  <testcase classname="tests.Admin_Hospitals_Pages_Tests" name="AddReviewerHos_Neg_Tests" time="0.000">
    <skipped/>
  </testcase> <!-- AddReviewerHos_Neg_Tests -->
  <system-out/>
  <testcase classname="tests.Admin_Hospitals_Pages_Tests" name="AddReviewerHos_Tests" time="0.000">
    <skipped/>
  </testcase> <!-- AddReviewerHos_Tests -->
  <system-out/>
  <testcase classname="tests.Admin_Hospitals_Pages_Tests" name="hospitals_vcard_count_Tests" time="0.000">
    <skipped/>
  </testcase> <!-- hospitals_vcard_count_Tests -->
  <system-out/>
  <testcase classname="tests.Admin_Hospitals_Pages_Tests" name="List_Hospitals_Buttons_Tests" time="0.000">
    <skipped/>
  </testcase> <!-- List_Hospitals_Buttons_Tests -->
  <system-out/>
  <testcase classname="tests.Admin_Hospitals_Pages_Tests" name="List_Hospitals_ColumnSorting_Tests" time="0.000">
    <skipped/>
  </testcase> <!-- List_Hospitals_ColumnSorting_Tests -->
  <system-out/>
  <testcase classname="tests.Admin_Hospitals_Pages_Tests" name="List_Hospitals_ReviewerHosData_Update_Tests" time="0.000">
    <skipped/>
  </testcase> <!-- List_Hospitals_ReviewerHosData_Update_Tests -->
  <system-out/>
  <testcase classname="tests.Admin_Hospitals_Pages_Tests" name="List_Hospitals_EnduserHosData_Update_Tests" time="0.000">
    <skipped/>
  </testcase> <!-- List_Hospitals_EnduserHosData_Update_Tests -->
  <system-out/>
  <testcase classname="tests.Admin_Hospitals_Pages_Tests" name="List_Hospitals_Search_Tests" time="0.000">
    <skipped/>
  </testcase> <!-- List_Hospitals_Search_Tests -->
  <system-out/>
</testsuite> <!-- tests.Admin_Hospitals_Pages_Tests -->
