<?xml version="1.0" encoding="UTF-8"?>
<!-- Generated by org.testng.reporters.JUnitReportReporter -->
<testsuite hostname="DESKTOP-NU8MI4J" failures="0" tests="16" name="tests.Admin_HospitalUsers_Pages_Tests" time="0.001" errors="0" timestamp="2023-04-03T09:37:53 IST" skipped="16">
  <testcase classname="tests.Admin_HospitalUsers_Pages_Tests" name="Admin_Open_HospitalUsers_Tests" time="0.000">
    <skipped/>
  </testcase> <!-- Admin_Open_HospitalUsers_Tests -->
  <system-out/>
  <testcase classname="tests.Admin_HospitalUsers_Pages_Tests" name="Admin_HospitalUsers_DefaultPage_Tests" time="0.000">
    <skipped/>
  </testcase> <!-- Admin_HospitalUsers_DefaultPage_Tests -->
  <system-out/>
  <testcase classname="tests.Admin_HospitalUsers_Pages_Tests" name="HospitalUsers_vCardCount_recordCount_Tests" time="0.000">
    <skipped/>
  </testcase> <!-- HospitalUsers_vCardCount_recordCount_Tests -->
  <system-out/>
  <testcase classname="tests.Admin_HospitalUsers_Pages_Tests" name="HospitalUsers_TableHeading_Tests" time="0.000">
    <skipped/>
  </testcase> <!-- HospitalUsers_TableHeading_Tests -->
  <system-out/>
  <testcase classname="tests.Admin_HospitalUsers_Pages_Tests" name="HospitalUsers_HideColumn_Tests" time="0.000">
    <skipped/>
  </testcase> <!-- HospitalUsers_HideColumn_Tests -->
  <system-out/>
  <testcase classname="tests.Admin_HospitalUsers_Pages_Tests" name="HospitalUsers_Filter_Tests" time="0.000">
    <skipped/>
  </testcase> <!-- HospitalUsers_Filter_Tests -->
  <system-out/>
  <testcase classname="tests.Admin_HospitalUsers_Pages_Tests" name="HospitalUsers_ColumnSorting_Tests" time="0.000">
    <skipped/>
  </testcase> <!-- HospitalUsers_ColumnSorting_Tests -->
  <system-out/>
  <testcase classname="tests.Admin_HospitalUsers_Pages_Tests" name="HosUsersList_RadiologistData_Tests" time="0.000">
    <skipped/>
  </testcase> <!-- HosUsersList_RadiologistData_Tests -->
  <system-out/>
  <testcase classname="tests.Admin_HospitalUsers_Pages_Tests" name="Update_RadiologistUserData_Tests" time="0.001">
    <skipped/>
  </testcase> <!-- Update_RadiologistUserData_Tests -->
  <system-out/>
  <testcase classname="tests.Admin_HospitalUsers_Pages_Tests" name="HosUsersList_EndUserData_Tests" time="0.000">
    <skipped/>
  </testcase> <!-- HosUsersList_EndUserData_Tests -->
  <system-out/>
  <testcase classname="tests.Admin_HospitalUsers_Pages_Tests" name="Update_EndUserData_Tests" time="0.000">
    <skipped/>
  </testcase> <!-- Update_EndUserData_Tests -->
  <system-out/>
  <testcase classname="tests.Admin_HospitalUsers_Pages_Tests" name="HosUsers_Search_Tests" time="0.000">
    <skipped/>
  </testcase> <!-- HosUsers_Search_Tests -->
  <system-out/>
  <testcase classname="tests.Admin_HospitalUsers_Pages_Tests" name="Add_EndUser_Tests">
    <skipped/>
  </testcase> <!-- Add_EndUser_Tests -->
  <system-out/>
  <testcase classname="tests.Admin_HospitalUsers_Pages_Tests" name="Add_Radiologist_Tests">
    <skipped/>
  </testcase> <!-- Add_Radiologist_Tests -->
  <system-out/>
  <testcase classname="tests.Admin_HospitalUsers_Pages_Tests" name="Admin_HospitalUsers_AddForm_NoData_Tests">
    <skipped/>
  </testcase> <!-- Admin_HospitalUsers_AddForm_NoData_Tests -->
  <system-out/>
  <testcase classname="tests.Admin_HospitalUsers_Pages_Tests" name="AddHosUsers_Neg_Tests">
    <skipped/>
  </testcase> <!-- AddHosUsers_Neg_Tests -->
  <system-out/>
</testsuite> <!-- tests.Admin_HospitalUsers_Pages_Tests -->
