<?xml version="1.0" encoding="UTF-8"?>
<!-- Generated by org.testng.reporters.JUnitReportReporter -->
<testsuite hostname="DESKTOP-NU8MI4J" failures="0" tests="1" name="endUserTests.EndUser_Login_Tests" time="15.931" errors="0" timestamp="2023-05-23T17:09:21 IST" skipped="0">
  <testcase classname="endUserTests.EndUser_Login_Tests" name="EndUser_Login_Page_Test" time="15.931"/>
  <system-out>
    <![CDATA[Test started: EndUser_Login_Page_Test
Passed: EndUser_Login_Page_Test]]>
  </system-out>
</testsuite> <!-- endUserTests.EndUser_Login_Tests -->
