<?xml version="1.0" encoding="UTF-8"?>
<!-- Generated by org.testng.reporters.JUnitReportReporter -->
<testsuite hostname="DESKTOP-NU8MI4J" failures="0" tests="2" name="radiologistTests.Radio_Pending_Page_Tests" time="44.128" errors="0" timestamp="2023-05-23T17:02:49 IST" skipped="0">
  <testcase classname="radiologistTests.Radio_Pending_Page_Tests" name="open_Pending_Vcard" time="0.116"/>
  <system-out>
    <![CDATA[Test started: open_Pending_Vcard
Passed: open_Pending_Vcard]]>
  </system-out>
  <testcase classname="radiologistTests.Radio_Pending_Page_Tests" name="All_btn_validation" time="44.012"/>
  <system-out>
    <![CDATA[Test started: All_btn_validation
Passed: All_btn_validation]]>
  </system-out>
</testsuite> <!-- radiologistTests.Radio_Pending_Page_Tests -->
