<?xml version="1.0" encoding="UTF-8"?>
<!-- Generated by org.testng.reporters.JUnitReportReporter -->
<testsuite hostname="DESKTOP-NU8MI4J" failures="0" tests="1" name="radiologistTests.Radio_Login_Tests" time="22.377" errors="0" timestamp="2023-05-29T17:31:08 IST" skipped="0">
  <testcase classname="radiologistTests.Radio_Login_Tests" name="login_Radio_Test" time="22.377"/>
  <system-out>
    <![CDATA[Test started: login_Radio_Test
Passed: login_Radio_Test]]>
  </system-out>
</testsuite> <!-- radiologistTests.Radio_Login_Tests -->
