<?xml version="1.0" encoding="UTF-8"?>
<!-- Generated by org.testng.reporters.JUnitReportReporter -->
<testsuite hostname="DESKTOP-NU8MI4J" failures="0" tests="4" name="endUserTests.EndUser_Patient_CaseReq_Tests" time="0.000" errors="0" timestamp="2023-04-03T09:37:53 IST" skipped="4">
  <testcase classname="endUserTests.EndUser_Patient_CaseReq_Tests" name="Open_Patient_Tests" time="0.000">
    <skipped/>
  </testcase> <!-- Open_Patient_Tests -->
  <system-out/>
  <testcase classname="endUserTests.EndUser_Patient_CaseReq_Tests" name="Add_Patient_Neg_Tests" time="0.000">
    <skipped/>
  </testcase> <!-- Add_Patient_Neg_Tests -->
  <system-out/>
  <testcase classname="endUserTests.EndUser_Patient_CaseReq_Tests" name="Add_Patient_Tests" time="0.000">
    <skipped/>
  </testcase> <!-- Add_Patient_Tests -->
  <system-out/>
  <testcase classname="endUserTests.EndUser_Patient_CaseReq_Tests" name="Add_CaseReq_Tests" time="0.000">
    <skipped/>
  </testcase> <!-- Add_CaseReq_Tests -->
  <system-out/>
</testsuite> <!-- endUserTests.EndUser_Patient_CaseReq_Tests -->
