<?xml version="1.0" encoding="UTF-8"?>
<!-- Generated by org.testng.reporters.JUnitReportReporter -->
<testsuite hostname="DESKTOP-NU8MI4J" failures="0" tests="3" name="radiologistTests.Radio_Default_Page_Tests" time="0.000" errors="0" timestamp="2023-04-03T09:37:53 IST" skipped="3">
  <testcase classname="radiologistTests.Radio_Default_Page_Tests" name="radio_myProfile_button_Test" time="0.000">
    <skipped/>
  </testcase> <!-- radio_myProfile_button_Test -->
  <system-out/>
  <testcase classname="radiologistTests.Radio_Default_Page_Tests" name="radio_vCards_Test" time="0.000">
    <skipped/>
  </testcase> <!-- radio_vCards_Test -->
  <system-out/>
  <testcase classname="radiologistTests.Radio_Default_Page_Tests" name="radio_vCards_Counts_Test" time="0.000">
    <skipped/>
  </testcase> <!-- radio_vCards_Counts_Test -->
  <system-out/>
</testsuite> <!-- radiologistTests.Radio_Default_Page_Tests -->
