<?xml version="1.0" encoding="UTF-8"?>
<!-- Generated by org.testng.reporters.JUnitReportReporter -->
<testsuite hostname="DESKTOP-MM5QJ97" name="endUserTests.EndUser_Patient_Tests" tests="3" failures="0" timestamp="15 Sep 2022 11:58:29 GMT" time="7.909" errors="0">
  <testcase name="Open_Patient_Tests" time="0.384" classname="endUserTests.EndUser_Patient_Tests"/>
  <testcase name="Add_Patient_Neg_Tests" time="6.017" classname="endUserTests.EndUser_Patient_Tests"/>
  <testcase name="Add_Patient_Tests" time="1.508" classname="endUserTests.EndUser_Patient_Tests"/>
</testsuite> <!-- endUserTests.EndUser_Patient_Tests -->
