<?xml version="1.0" encoding="UTF-8"?>
<!-- Generated by org.testng.reporters.JUnitReportReporter -->
<testsuite hostname="DESKTOP-NU8MI4J" failures="0" tests="3" name="radiologistTests.Radio_Rejected_Pages_Tests" time="0.324" errors="0" timestamp="2023-05-29T17:31:08 IST" skipped="0">
  <testcase classname="radiologistTests.Radio_Rejected_Pages_Tests" name="radio_myProfile_button_Test" time="0.137"/>
  <system-out>
    <![CDATA[Test started: radio_myProfile_button_Test
Passed: radio_myProfile_button_Test]]>
  </system-out>
  <testcase classname="radiologistTests.Radio_Rejected_Pages_Tests" name="radio_vCards_Test" time="0.105"/>
  <system-out>
    <![CDATA[Test started: radio_vCards_Test
Passed: radio_vCards_Test]]>
  </system-out>
  <testcase classname="radiologistTests.Radio_Rejected_Pages_Tests" name="radio_vCards_Counts_Test" time="0.082"/>
  <system-out>
    <![CDATA[Test started: radio_vCards_Counts_Test
Passed: radio_vCards_Counts_Test]]>
  </system-out>
</testsuite> <!-- radiologistTests.Radio_Rejected_Pages_Tests -->
