<?xml version="1.0" encoding="UTF-8"?>
<!-- Generated by org.testng.reporters.JUnitReportReporter -->
<testsuite hostname="DESKTOP-NU8MI4J" failures="0" tests="3" name="endUserTests.EndUser_Default_Page_Tests" time="0.481" errors="0" timestamp="2023-04-03T16:33:19 IST" skipped="0">
  <testcase classname="endUserTests.EndUser_Default_Page_Tests" name="EndUser_myProfile_button_Test" time="0.251"/>
  <system-out>
    <![CDATA[Test started: EndUser_myProfile_button_Test
Passed: EndUser_myProfile_button_Test]]>
  </system-out>
  <testcase classname="endUserTests.EndUser_Default_Page_Tests" name="EndUser_vCards_Test" time="0.123"/>
  <system-out>
    <![CDATA[Test started: EndUser_vCards_Test
Passed: EndUser_vCards_Test]]>
  </system-out>
  <testcase classname="endUserTests.EndUser_Default_Page_Tests" name="EndUser_vCards_Counts_Test" time="0.107"/>
  <system-out>
    <![CDATA[Test started: EndUser_vCards_Counts_Test
Passed: EndUser_vCards_Counts_Test]]>
  </system-out>
</testsuite> <!-- endUserTests.EndUser_Default_Page_Tests -->
